[I 2025-03-08 08:48:04.254 ServerApp] jupyter_lsp | extension was successfully linked.
[I 2025-03-08 08:48:04.259 ServerApp] jupyter_server_terminals | extension was successfully linked.
[I 2025-03-08 08:48:04.264 ServerApp] jupyterlab | extension was successfully linked.
[I 2025-03-08 08:48:04.269 ServerApp] notebook | extension was successfully linked.
[I 2025-03-08 08:48:04.573 ServerApp] notebook_shim | extension was successfully linked.
[I 2025-03-08 08:48:04.667 ServerApp] notebook_shim | extension was successfully loaded.
[I 2025-03-08 08:48:04.670 ServerApp] jupyter_lsp | extension was successfully loaded.
[I 2025-03-08 08:48:04.671 ServerApp] jupyter_server_terminals | extension was successfully loaded.
[I 2025-03-08 08:48:04.673 LabApp] JupyterLab extension loaded from /home/vybhavguttula/myenv/lib/python3.11/site-packages/jupyterlab
[I 2025-03-08 08:48:04.673 LabApp] JupyterLab application directory is /home/vybhavguttula/myenv/share/jupyter/lab
[I 2025-03-08 08:48:04.675 LabApp] Extension Manager is 'pypi'.
[I 2025-03-08 08:48:04.723 ServerApp] jupyterlab | extension was successfully loaded.
[I 2025-03-08 08:48:04.727 ServerApp] notebook | extension was successfully loaded.
[I 2025-03-08 08:48:04.728 ServerApp] Serving notebooks from local directory: /home/vybhavguttula/cryptexpert
[I 2025-03-08 08:48:04.728 ServerApp] Jupyter Server 2.15.0 is running at:
[I 2025-03-08 08:48:04.728 ServerApp] http://instance-20250223-125929:8888/tree?token=8fd066f00e4271a6d73f0111c5d4d38ecab6f17e8b7fce2f
[I 2025-03-08 08:48:04.728 ServerApp]     http://127.0.0.1:8888/tree?token=8fd066f00e4271a6d73f0111c5d4d38ecab6f17e8b7fce2f
[I 2025-03-08 08:48:04.728 ServerApp] Use Control-C to stop this server and shut down all kernels (twice to skip confirmation).
[C 2025-03-08 08:48:04.734 ServerApp] 
    
    To access the server, open this file in a browser:
        file:///home/vybhavguttula/.local/share/jupyter/runtime/jpserver-22746-open.html
    Or copy and paste one of these URLs:
        http://instance-20250223-125929:8888/tree?token=8fd066f00e4271a6d73f0111c5d4d38ecab6f17e8b7fce2f
        http://127.0.0.1:8888/tree?token=8fd066f00e4271a6d73f0111c5d4d38ecab6f17e8b7fce2f
[I 2025-03-08 08:48:04.757 ServerApp] Skipped non-installed server(s): bash-language-server, dockerfile-language-server-nodejs, javascript-typescript-langserver, jedi-language-server, julia-language-server, pyright, python-language-server, python-lsp-server, r-languageserver, sql-language-server, texlab, typescript-language-server, unified-language-server, vscode-css-languageserver-bin, vscode-html-languageserver-bin, vscode-json-languageserver-bin, yaml-language-server
[I 2025-03-08 08:57:59.620 ServerApp] Saving file at /mark/__init__.py
[I 2025-03-08 08:58:00.190 ServerApp] Saving file at /mark/__init__.py
[I 2025-03-08 08:58:30.220 ServerApp] Saving file at /mark/__init__.py
[I 2025-03-08 09:06:15.305 ServerApp] Saving file at /mark/routes.py
[I 2025-03-08 09:13:39.464 ServerApp] Saving file at /mark/routes.py
[I 2025-03-08 09:16:02.936 ServerApp] 302 GET / (@198.235.24.76) 0.65ms
[I 2025-03-08 09:27:30.518 ServerApp] Saving file at /mark/routes.py
[W 2025-03-08 09:28:48.901 ServerApp] Blocking request with no referer
[W 2025-03-08 09:28:48.901 ServerApp] 403 GET /files/mark/templates/vendors/bower_components/jquery.scrollbar/jquery.scrollbar.css (152.59.197.160): Blocking request from unknown origin
[W 2025-03-08 09:28:48.927 ServerApp] 403 GET /files/mark/templates/vendors/bower_components/jquery.scrollbar/jquery.scrollbar.css (664255f4cef54033bbe45188d1bf608e@152.59.197.160) 27.06ms referer=None
[W 2025-03-08 09:28:48.929 ServerApp] Blocking request with no referer
[W 2025-03-08 09:28:48.929 ServerApp] 403 GET /files/mark/templates/vendors/bower_components/material-design-iconic-font/dist/css/material-design-iconic-font.min.css (152.59.197.160): Blocking request from unknown origin
[W 2025-03-08 09:28:48.930 ServerApp] 403 GET /files/mark/templates/vendors/bower_components/material-design-iconic-font/dist/css/material-design-iconic-font.min.css (664255f4cef54033bbe45188d1bf608e@152.59.197.160) 2.10ms referer=None
[W 2025-03-08 09:28:48.930 ServerApp] Blocking request with no referer
[W 2025-03-08 09:28:48.931 ServerApp] 403 GET /files/mark/templates/vendors/bower_components/animate.css/animate.min.css (152.59.197.160): Blocking request from unknown origin
[W 2025-03-08 09:28:48.932 ServerApp] 403 GET /files/mark/templates/vendors/bower_components/animate.css/animate.min.css (664255f4cef54033bbe45188d1bf608e@152.59.197.160) 3.08ms referer=None
[W 2025-03-08 09:28:48.938 ServerApp] Blocking request with no referer
[W 2025-03-08 09:28:48.938 ServerApp] 403 GET /files/mark/templates/css/app.min.css (152.59.197.160): Blocking request from unknown origin
[W 2025-03-08 09:28:48.939 ServerApp] 403 GET /files/mark/templates/css/app.min.css (664255f4cef54033bbe45188d1bf608e@152.59.197.160) 2.06ms referer=None
[W 2025-03-08 09:28:48.940 ServerApp] Blocking request with no referer
[W 2025-03-08 09:28:48.940 ServerApp] 403 GET /files/mark/templates/demo/img/profile-pics/2.jpg (152.59.197.160): Blocking request from unknown origin
[W 2025-03-08 09:28:48.941 ServerApp] 403 GET /files/mark/templates/demo/img/profile-pics/2.jpg (664255f4cef54033bbe45188d1bf608e@152.59.197.160) 1.57ms referer=None
[W 2025-03-08 09:28:48.942 ServerApp] Blocking request with no referer
[W 2025-03-08 09:28:48.942 ServerApp] 403 GET /files/mark/templates/demo/img/profile-pics/1.jpg (152.59.197.160): Blocking request from unknown origin
[W 2025-03-08 09:28:48.942 ServerApp] 403 GET /files/mark/templates/demo/img/profile-pics/1.jpg (664255f4cef54033bbe45188d1bf608e@152.59.197.160) 1.36ms referer=None
[W 2025-03-08 09:28:49.049 ServerApp] Blocking request with no referer
[W 2025-03-08 09:28:49.049 ServerApp] 403 GET /files/mark/templates/demo/img/profile-pics/4.jpg (152.59.197.160): Blocking request from unknown origin
[W 2025-03-08 09:28:49.051 ServerApp] 403 GET /files/mark/templates/demo/img/profile-pics/4.jpg (664255f4cef54033bbe45188d1bf608e@152.59.197.160) 2.84ms referer=None
[W 2025-03-08 09:28:49.052 ServerApp] Blocking request with no referer
[W 2025-03-08 09:28:49.052 ServerApp] 403 GET /files/mark/templates/demo/img/profile-pics/3.jpg (152.59.197.160): Blocking request from unknown origin
[W 2025-03-08 09:28:49.054 ServerApp] 403 GET /files/mark/templates/demo/img/profile-pics/3.jpg (664255f4cef54033bbe45188d1bf608e@152.59.197.160) 2.54ms referer=None
[W 2025-03-08 09:28:49.056 ServerApp] Blocking request with no referer
[W 2025-03-08 09:28:49.056 ServerApp] 403 GET /files/mark/templates/demo/img/profile-pics/5.jpg (152.59.197.160): Blocking request from unknown origin
[W 2025-03-08 09:28:49.057 ServerApp] 403 GET /files/mark/templates/demo/img/profile-pics/5.jpg (664255f4cef54033bbe45188d1bf608e@152.59.197.160) 2.43ms referer=None
[W 2025-03-08 09:28:49.063 ServerApp] Blocking request with no referer
[W 2025-03-08 09:28:49.063 ServerApp] 403 GET /files/mark/templates/vendors/bower_components/jquery/dist/jquery.min.js (152.59.197.160): Blocking request from unknown origin
[W 2025-03-08 09:28:49.065 ServerApp] 403 GET /files/mark/templates/vendors/bower_components/jquery/dist/jquery.min.js (664255f4cef54033bbe45188d1bf608e@152.59.197.160) 3.41ms referer=None
[W 2025-03-08 09:28:49.068 ServerApp] Blocking request with no referer
[W 2025-03-08 09:28:49.069 ServerApp] 403 GET /files/mark/templates/vendors/bower_components/popper.js/dist/umd/popper.min.js (152.59.197.160): Blocking request from unknown origin
[W 2025-03-08 09:28:49.070 ServerApp] 403 GET /files/mark/templates/vendors/bower_components/popper.js/dist/umd/popper.min.js (664255f4cef54033bbe45188d1bf608e@152.59.197.160) 2.58ms referer=None
[W 2025-03-08 09:28:49.121 ServerApp] Blocking request with no referer
[W 2025-03-08 09:28:49.121 ServerApp] 403 GET /files/mark/templates/vendors/bower_components/bootstrap/dist/js/bootstrap.min.js (152.59.197.160): Blocking request from unknown origin
[W 2025-03-08 09:28:49.122 ServerApp] 403 GET /files/mark/templates/vendors/bower_components/bootstrap/dist/js/bootstrap.min.js (664255f4cef54033bbe45188d1bf608e@152.59.197.160) 2.11ms referer=None
[W 2025-03-08 09:28:49.183 ServerApp] Blocking request with no referer
[W 2025-03-08 09:28:49.184 ServerApp] 403 GET /files/mark/templates/vendors/bower_components/jquery.scrollbar/jquery.scrollbar.min.js (152.59.197.160): Blocking request from unknown origin
[W 2025-03-08 09:28:49.185 ServerApp] 403 GET /files/mark/templates/vendors/bower_components/jquery.scrollbar/jquery.scrollbar.min.js (664255f4cef54033bbe45188d1bf608e@152.59.197.160) 1.95ms referer=None
[W 2025-03-08 09:28:49.188 ServerApp] Blocking request with no referer
[W 2025-03-08 09:28:49.188 ServerApp] 403 GET /files/mark/templates/vendors/bower_components/jquery-scrollLock/jquery-scrollLock.min.js (152.59.197.160): Blocking request from unknown origin
[W 2025-03-08 09:28:49.189 ServerApp] 403 GET /files/mark/templates/vendors/bower_components/jquery-scrollLock/jquery-scrollLock.min.js (664255f4cef54033bbe45188d1bf608e@152.59.197.160) 1.67ms referer=None
[W 2025-03-08 09:28:49.221 ServerApp] Blocking request with no referer
[W 2025-03-08 09:28:49.221 ServerApp] 403 GET /files/mark/templates/js/app.min.js (152.59.197.160): Blocking request from unknown origin
[W 2025-03-08 09:28:49.222 ServerApp] 403 GET /files/mark/templates/js/app.min.js (664255f4cef54033bbe45188d1bf608e@152.59.197.160) 2.06ms referer=None
[W 2025-03-08 09:28:49.553 ServerApp] Blocking request with no referer
[W 2025-03-08 09:28:49.553 ServerApp] 403 GET /files/mark/templates/demo/img/profile-pics/8.jpg (152.59.197.160): Blocking request from unknown origin
[W 2025-03-08 09:28:49.555 ServerApp] 403 GET /files/mark/templates/demo/img/profile-pics/8.jpg (664255f4cef54033bbe45188d1bf608e@152.59.197.160) 1.96ms referer=None
[I 2025-03-08 09:29:46.739 ServerApp] Saving file at /mark/templates/wallet_balances.html
[I 2025-03-08 09:31:10.479 ServerApp] Saving file at /mark/routes.py
[I 2025-03-08 09:33:11.159 ServerApp] Saving file at /mark/templates/submit_api_key.html
[I 2025-03-08 09:33:11.645 ServerApp] Saving file at /mark/templates/submit_api_key.html
[I 2025-03-08 09:36:25.374 ServerApp] Saving file at /mark/templates/wallet_balances.html
[I 2025-03-08 09:42:43.973 ServerApp] Saving file at /mark/routes.py
[I 2025-03-08 09:42:44.597 ServerApp] Saving file at /mark/routes.py
[I 2025-03-08 09:42:52.616 ServerApp] Saving file at /mark/models.py
[I 2025-03-08 09:42:53.139 ServerApp] Saving file at /mark/models.py
[I 2025-03-08 09:45:03.252 ServerApp] Saving file at /mark/models.py
[I 2025-03-08 09:45:04.797 ServerApp] Saving file at /mark/routes.py
[I 2025-03-08 09:50:41.779 ServerApp] Saving file at /mark/models.py
[I 2025-03-08 09:50:44.163 ServerApp] Saving file at /mark/models.py
[I 2025-03-08 09:50:47.878 ServerApp] Saving file at /mark/routes.py
[I 2025-03-08 09:57:59.173 ServerApp] Saving file at /mark/templates/submit_api_key.html
[I 2025-03-08 09:58:15.039 ServerApp] Saving file at /mark/routes.py
[I 2025-03-08 10:20:10.912 ServerApp] 302 GET / (@5.135.58.200) 0.76ms
[I 2025-03-08 10:27:12.174 JupyterNotebookApp] 302 GET /tree? (@91.196.152.84) 0.95ms
[I 2025-03-08 10:34:10.762 JupyterNotebookApp] 302 GET /tree? (@91.196.152.81) 0.92ms
[W 2025-03-08 11:54:57.947 ServerApp] 404 GET /cgi-bin/luci/;stok=/locale (@87.121.84.204) 19.23ms referer=None
[E 2025-03-08 12:06:48.655 ServerApp] Uncaught exception in write_error
    Traceback (most recent call last):
      File "/home/vybhavguttula/myenv/lib/python3.11/site-packages/tornado/web.py", line 1753, in _execute
        raise HTTPError(405)
    tornado.web.HTTPError: HTTP 405: Method Not Allowed
    
    During handling of the above exception, another exception occurred:
    
    Traceback (most recent call last):
      File "/home/vybhavguttula/myenv/lib/python3.11/site-packages/tornado/web.py", line 1298, in send_error
        self.write_error(status_code, **kwargs)
      File "/home/vybhavguttula/myenv/lib/python3.11/site-packages/jupyter_server/base/handlers.py", line 740, in write_error
        html = self.render_template("%s.html" % status_code, **ns)
               ^^^^^^^^^^^^^^^^^^^^^^^^^^^^^^^^^^^^^^^^^^^^^^^^^^^
      File "/home/vybhavguttula/myenv/lib/python3.11/site-packages/jupyter_server/base/handlers.py", line 666, in render_template
        ns.update(self.template_namespace)
                  ^^^^^^^^^^^^^^^^^^^^^^^
      File "/home/vybhavguttula/myenv/lib/python3.11/site-packages/jupyter_server/base/handlers.py", line 676, in template_namespace
        logged_in=self.logged_in,
                  ^^^^^^^^^^^^^^
      File "/home/vybhavguttula/myenv/lib/python3.11/site-packages/jupyter_server/base/handlers.py", line 199, in logged_in
        user = self.current_user
               ^^^^^^^^^^^^^^^^^
      File "/home/vybhavguttula/myenv/lib/python3.11/site-packages/tornado/web.py", line 1424, in current_user
        self._current_user = self.get_current_user()
                             ^^^^^^^^^^^^^^^^^^^^^^^
      File "/home/vybhavguttula/myenv/lib/python3.11/site-packages/jupyter_server/base/handlers.py", line 178, in get_current_user
        raise RuntimeError(msg)
    RuntimeError: Calling `Template404.get_current_user()` directly is deprecated in jupyter-server 2.0. Use `self.current_user` instead (works in all versions).
[W 2025-03-08 12:06:48.667 ServerApp] 405 CONNECT ip.bablosoft.com:443 (@90.151.171.108) 13.15ms referer=None
[W 2025-03-08 12:06:48.670 ServerApp] 404 GET http://ip.bablosoft.com/?Z74088410060Q1 (@90.151.171.108) 1.82ms referer=https://google.com/
[I 2025-03-08 12:06:48.671 ServerApp] Malformed HTTP message from 90.151.171.108: Malformed HTTP request line
[I 2025-03-08 12:14:42.412 ServerApp] Saving file at /mark/routes.py
[I 2025-03-08 12:15:21.321 ServerApp] Saving file at /mark/models.py
[I 2025-03-08 12:15:25.988 ServerApp] Saving file at /mark/models.py
[I 2025-03-08 12:15:26.331 ServerApp] Saving file at /mark/models.py
[I 2025-03-08 12:15:27.781 ServerApp] Saving file at /mark/routes.py
[W 2025-03-08 12:19:27.431 ServerApp] Blocking request with no referer
[W 2025-03-08 12:19:27.431 ServerApp] 403 GET /files/mark/templates/style.css (152.59.197.160): Blocking request from unknown origin
[W 2025-03-08 12:19:27.433 ServerApp] 403 GET /files/mark/templates/style.css (664255f4cef54033bbe45188d1bf608e@152.59.197.160) 3.00ms referer=None
[W 2025-03-08 12:19:38.699 ServerApp] Blocking request with no referer
[W 2025-03-08 12:19:38.699 ServerApp] 403 GET /files/mark/templates/style.css (152.59.197.160): Blocking request from unknown origin
[W 2025-03-08 12:19:38.700 ServerApp] 403 GET /files/mark/templates/style.css (664255f4cef54033bbe45188d1bf608e@152.59.197.160) 2.16ms referer=None
[W 2025-03-08 12:19:51.368 ServerApp] Blocking request with no referer
[W 2025-03-08 12:19:51.368 ServerApp] 403 GET /files/mark/templates/style.css (152.59.197.160): Blocking request from unknown origin
[W 2025-03-08 12:19:51.370 ServerApp] 403 GET /files/mark/templates/style.css (664255f4cef54033bbe45188d1bf608e@152.59.197.160) 2.08ms referer=None
[W 2025-03-08 12:19:51.453 ServerApp] Blocking request with no referer
[W 2025-03-08 12:19:51.453 ServerApp] 403 GET /files/mark/templates/style.css (152.59.197.160): Blocking request from unknown origin
[W 2025-03-08 12:19:51.454 ServerApp] 403 GET /files/mark/templates/style.css (664255f4cef54033bbe45188d1bf608e@152.59.197.160) 1.72ms referer=None
[I 2025-03-08 12:19:55.808 ServerApp] 302 GET /files/mark/templates/style.css (@152.59.197.160) 0.72ms
[I 2025-03-08 12:19:56.856 ServerApp] 302 GET /files/mark/templates/%7B%7Burl_for('link')%7D%7D (@152.59.197.160) 0.93ms
[I 2025-03-08 12:20:05.582 ServerApp] 302 GET /files/mark/templates/style.css (@152.59.197.160) 0.64ms
[I 2025-03-08 12:20:09.511 ServerApp] 302 GET /files/mark/templates/%7B%7Burl_for('login_form')%7D%7D (@152.59.197.160) 0.90ms
[I 2025-03-08 12:20:11.873 ServerApp] 302 GET /files/mark/templates/style.css (@152.59.197.160) 0.82ms
[I 2025-03-08 12:31:33.855 ServerApp] 302 GET / (@51.81.181.174) 1.06ms
[I 2025-03-08 12:38:09.687 JupyterNotebookApp] 302 GET /tree? (@147.135.85.137) 1.22ms
[I 2025-03-08 12:45:16.059 JupyterNotebookApp] 302 GET /tree? (@51.81.144.45) 0.86ms
[C 2025-03-08 12:55:23.398 ServerApp] received signal 15, stopping
[I 2025-03-08 12:55:23.424 ServerApp] Shutting down 5 extensions
